15/11/2025 08:13:10 [nrb-nayon] ERROR: 🚨 globalErrorHandler ~~  You are not authorized
Error: You are not authorized
    at D:\Nayon xD\Dashboard\Dashboard Design\law_firm_portfolio_server\backend_server\src\shared\middlewares\auth.ts:24:15
    at Layer.handleRequest (D:\Nayon xD\Dashboard\Dashboard Design\law_firm_portfolio_server\backend_server\node_modules\router\lib\layer.js:152:17)
    at next (D:\Nayon xD\Dashboard\Dashboard Design\law_firm_portfolio_server\backend_server\node_modules\router\lib\route.js:157:13)
    at Route.dispatch (D:\Nayon xD\Dashboard\Dashboard Design\law_firm_portfolio_server\backend_server\node_modules\router\lib\route.js:117:3)
    at handle (D:\Nayon xD\Dashboard\Dashboard Design\law_firm_portfolio_server\backend_server\node_modules\router\index.js:435:11)
    at Layer.handleRequest (D:\Nayon xD\Dashboard\Dashboard Design\law_firm_portfolio_server\backend_server\node_modules\router\lib\layer.js:152:17)
    at D:\Nayon xD\Dashboard\Dashboard Design\law_firm_portfolio_server\backend_server\node_modules\router\index.js:295:15
    at processParams (D:\Nayon xD\Dashboard\Dashboard Design\law_firm_portfolio_server\backend_server\node_modules\router\index.js:582:12)
    at next (D:\Nayon xD\Dashboard\Dashboard Design\law_firm_portfolio_server\backend_server\node_modules\router\index.js:291:5)
    at Function.handle (D:\Nayon xD\Dashboard\Dashboard Design\law_firm_portfolio_server\backend_server\node_modules\router\index.js:186:3) {"statusCode":401}
15/11/2025 08:13:10 [nrb-nayon] ERROR: 127.0.0.1 - POST /api/v1/auth/logout 401 - 26.697 ms
15/11/2025 08:13:10 [nrb-nayon] ERROR: 🚨 globalErrorHandler ~~  Token is required!
Error: Token is required!
    at Object.newAccessTokenToUser (D:\Nayon xD\Dashboard\Dashboard Design\law_firm_portfolio_server\backend_server\src\features\auth\auth.service.ts:344:11)
    at D:\Nayon xD\Dashboard\Dashboard Design\law_firm_portfolio_server\backend_server\src\features\auth\auth.controller.ts:137:36
    at D:\Nayon xD\Dashboard\Dashboard Design\law_firm_portfolio_server\backend_server\src\shared\utils\catchAsync.ts:5:21
    at Layer.handleRequest (D:\Nayon xD\Dashboard\Dashboard Design\law_firm_portfolio_server\backend_server\node_modules\router\lib\layer.js:152:17)
    at next (D:\Nayon xD\Dashboard\Dashboard Design\law_firm_portfolio_server\backend_server\node_modules\router\lib\route.js:157:13)
    at Route.dispatch (D:\Nayon xD\Dashboard\Dashboard Design\law_firm_portfolio_server\backend_server\node_modules\router\lib\route.js:117:3)
    at handle (D:\Nayon xD\Dashboard\Dashboard Design\law_firm_portfolio_server\backend_server\node_modules\router\index.js:435:11)
    at Layer.handleRequest (D:\Nayon xD\Dashboard\Dashboard Design\law_firm_portfolio_server\backend_server\node_modules\router\lib\layer.js:152:17)
    at D:\Nayon xD\Dashboard\Dashboard Design\law_firm_portfolio_server\backend_server\node_modules\router\index.js:295:15
    at processParams (D:\Nayon xD\Dashboard\Dashboard Design\law_firm_portfolio_server\backend_server\node_modules\router\index.js:582:12) {"statusCode":400}
15/11/2025 08:13:10 [nrb-nayon] ERROR: 127.0.0.1 - POST /api/v1/auth/refresh-token 400 - 20.690 ms
15/11/2025 08:13:15 [nrb-nayon] ERROR: 🚨 globalErrorHandler ~~  You are not authorized
Error: You are not authorized
    at D:\Nayon xD\Dashboard\Dashboard Design\law_firm_portfolio_server\backend_server\src\shared\middlewares\auth.ts:24:15
    at Layer.handleRequest (D:\Nayon xD\Dashboard\Dashboard Design\law_firm_portfolio_server\backend_server\node_modules\router\lib\layer.js:152:17)
    at next (D:\Nayon xD\Dashboard\Dashboard Design\law_firm_portfolio_server\backend_server\node_modules\router\lib\route.js:157:13)
    at Route.dispatch (D:\Nayon xD\Dashboard\Dashboard Design\law_firm_portfolio_server\backend_server\node_modules\router\lib\route.js:117:3)
    at handle (D:\Nayon xD\Dashboard\Dashboard Design\law_firm_portfolio_server\backend_server\node_modules\router\index.js:435:11)
    at Layer.handleRequest (D:\Nayon xD\Dashboard\Dashboard Design\law_firm_portfolio_server\backend_server\node_modules\router\lib\layer.js:152:17)
    at D:\Nayon xD\Dashboard\Dashboard Design\law_firm_portfolio_server\backend_server\node_modules\router\index.js:295:15
    at processParams (D:\Nayon xD\Dashboard\Dashboard Design\law_firm_portfolio_server\backend_server\node_modules\router\index.js:582:12)
    at next (D:\Nayon xD\Dashboard\Dashboard Design\law_firm_portfolio_server\backend_server\node_modules\router\index.js:291:5)
    at Function.handle (D:\Nayon xD\Dashboard\Dashboard Design\law_firm_portfolio_server\backend_server\node_modules\router\index.js:186:3) {"statusCode":401}
15/11/2025 08:13:15 [nrb-nayon] ERROR: 127.0.0.1 - POST /api/v1/auth/logout 401 - 2.108 ms
15/11/2025 08:13:15 [nrb-nayon] ERROR: 🚨 globalErrorHandler ~~  Token is required!
Error: Token is required!
    at Object.newAccessTokenToUser (D:\Nayon xD\Dashboard\Dashboard Design\law_firm_portfolio_server\backend_server\src\features\auth\auth.service.ts:344:11)
    at D:\Nayon xD\Dashboard\Dashboard Design\law_firm_portfolio_server\backend_server\src\features\auth\auth.controller.ts:137:36
    at D:\Nayon xD\Dashboard\Dashboard Design\law_firm_portfolio_server\backend_server\src\shared\utils\catchAsync.ts:5:21
    at Layer.handleRequest (D:\Nayon xD\Dashboard\Dashboard Design\law_firm_portfolio_server\backend_server\node_modules\router\lib\layer.js:152:17)
    at next (D:\Nayon xD\Dashboard\Dashboard Design\law_firm_portfolio_server\backend_server\node_modules\router\lib\route.js:157:13)
    at Route.dispatch (D:\Nayon xD\Dashboard\Dashboard Design\law_firm_portfolio_server\backend_server\node_modules\router\lib\route.js:117:3)
    at handle (D:\Nayon xD\Dashboard\Dashboard Design\law_firm_portfolio_server\backend_server\node_modules\router\index.js:435:11)
    at Layer.handleRequest (D:\Nayon xD\Dashboard\Dashboard Design\law_firm_portfolio_server\backend_server\node_modules\router\lib\layer.js:152:17)
    at D:\Nayon xD\Dashboard\Dashboard Design\law_firm_portfolio_server\backend_server\node_modules\router\index.js:295:15
    at processParams (D:\Nayon xD\Dashboard\Dashboard Design\law_firm_portfolio_server\backend_server\node_modules\router\index.js:582:12) {"statusCode":400}
15/11/2025 08:13:15 [nrb-nayon] ERROR: 127.0.0.1 - POST /api/v1/auth/refresh-token 400 - 2.124 ms
15/11/2025 08:13:39 [nrb-nayon] ERROR: 🚨 globalErrorHandler ~~  You are not authorized
Error: You are not authorized
    at D:\Nayon xD\Dashboard\Dashboard Design\law_firm_portfolio_server\backend_server\src\shared\middlewares\auth.ts:24:15
    at Layer.handleRequest (D:\Nayon xD\Dashboard\Dashboard Design\law_firm_portfolio_server\backend_server\node_modules\router\lib\layer.js:152:17)
    at next (D:\Nayon xD\Dashboard\Dashboard Design\law_firm_portfolio_server\backend_server\node_modules\router\lib\route.js:157:13)
    at Route.dispatch (D:\Nayon xD\Dashboard\Dashboard Design\law_firm_portfolio_server\backend_server\node_modules\router\lib\route.js:117:3)
    at handle (D:\Nayon xD\Dashboard\Dashboard Design\law_firm_portfolio_server\backend_server\node_modules\router\index.js:435:11)
    at Layer.handleRequest (D:\Nayon xD\Dashboard\Dashboard Design\law_firm_portfolio_server\backend_server\node_modules\router\lib\layer.js:152:17)
    at D:\Nayon xD\Dashboard\Dashboard Design\law_firm_portfolio_server\backend_server\node_modules\router\index.js:295:15
    at processParams (D:\Nayon xD\Dashboard\Dashboard Design\law_firm_portfolio_server\backend_server\node_modules\router\index.js:582:12)
    at next (D:\Nayon xD\Dashboard\Dashboard Design\law_firm_portfolio_server\backend_server\node_modules\router\index.js:291:5)
    at Function.handle (D:\Nayon xD\Dashboard\Dashboard Design\law_firm_portfolio_server\backend_server\node_modules\router\index.js:186:3) {"statusCode":401}
15/11/2025 08:13:39 [nrb-nayon] ERROR: 127.0.0.1 - POST /api/v1/auth/logout 401 - 1.652 ms
15/11/2025 08:13:40 [nrb-nayon] ERROR: 🚨 globalErrorHandler ~~  Token is required!
Error: Token is required!
    at Object.newAccessTokenToUser (D:\Nayon xD\Dashboard\Dashboard Design\law_firm_portfolio_server\backend_server\src\features\auth\auth.service.ts:344:11)
    at D:\Nayon xD\Dashboard\Dashboard Design\law_firm_portfolio_server\backend_server\src\features\auth\auth.controller.ts:137:36
    at D:\Nayon xD\Dashboard\Dashboard Design\law_firm_portfolio_server\backend_server\src\shared\utils\catchAsync.ts:5:21
    at Layer.handleRequest (D:\Nayon xD\Dashboard\Dashboard Design\law_firm_portfolio_server\backend_server\node_modules\router\lib\layer.js:152:17)
    at next (D:\Nayon xD\Dashboard\Dashboard Design\law_firm_portfolio_server\backend_server\node_modules\router\lib\route.js:157:13)
    at Route.dispatch (D:\Nayon xD\Dashboard\Dashboard Design\law_firm_portfolio_server\backend_server\node_modules\router\lib\route.js:117:3)
    at handle (D:\Nayon xD\Dashboard\Dashboard Design\law_firm_portfolio_server\backend_server\node_modules\router\index.js:435:11)
    at Layer.handleRequest (D:\Nayon xD\Dashboard\Dashboard Design\law_firm_portfolio_server\backend_server\node_modules\router\lib\layer.js:152:17)
    at D:\Nayon xD\Dashboard\Dashboard Design\law_firm_portfolio_server\backend_server\node_modules\router\index.js:295:15
    at processParams (D:\Nayon xD\Dashboard\Dashboard Design\law_firm_portfolio_server\backend_server\node_modules\router\index.js:582:12) {"statusCode":400}
15/11/2025 08:13:40 [nrb-nayon] ERROR: 127.0.0.1 - POST /api/v1/auth/refresh-token 400 - 3.346 ms
15/11/2025 08:17:26 [nrb-nayon] ERROR: 🚨 globalErrorHandler ~~  You are not authorized
Error: You are not authorized
    at D:\Nayon xD\Dashboard\Dashboard Design\law_firm_portfolio_server\backend_server\src\shared\middlewares\auth.ts:24:15
    at Layer.handleRequest (D:\Nayon xD\Dashboard\Dashboard Design\law_firm_portfolio_server\backend_server\node_modules\router\lib\layer.js:152:17)
    at next (D:\Nayon xD\Dashboard\Dashboard Design\law_firm_portfolio_server\backend_server\node_modules\router\lib\route.js:157:13)
    at Route.dispatch (D:\Nayon xD\Dashboard\Dashboard Design\law_firm_portfolio_server\backend_server\node_modules\router\lib\route.js:117:3)
    at handle (D:\Nayon xD\Dashboard\Dashboard Design\law_firm_portfolio_server\backend_server\node_modules\router\index.js:435:11)
    at Layer.handleRequest (D:\Nayon xD\Dashboard\Dashboard Design\law_firm_portfolio_server\backend_server\node_modules\router\lib\layer.js:152:17)
    at D:\Nayon xD\Dashboard\Dashboard Design\law_firm_portfolio_server\backend_server\node_modules\router\index.js:295:15
    at processParams (D:\Nayon xD\Dashboard\Dashboard Design\law_firm_portfolio_server\backend_server\node_modules\router\index.js:582:12)
    at next (D:\Nayon xD\Dashboard\Dashboard Design\law_firm_portfolio_server\backend_server\node_modules\router\index.js:291:5)
    at Function.handle (D:\Nayon xD\Dashboard\Dashboard Design\law_firm_portfolio_server\backend_server\node_modules\router\index.js:186:3) {"statusCode":401}
15/11/2025 08:17:26 [nrb-nayon] ERROR: 127.0.0.1 - POST /api/v1/auth/logout 401 - 2.312 ms
15/11/2025 08:17:27 [nrb-nayon] ERROR: 🚨 globalErrorHandler ~~  Token is required!
Error: Token is required!
    at Object.newAccessTokenToUser (D:\Nayon xD\Dashboard\Dashboard Design\law_firm_portfolio_server\backend_server\src\features\auth\auth.service.ts:344:11)
    at D:\Nayon xD\Dashboard\Dashboard Design\law_firm_portfolio_server\backend_server\src\features\auth\auth.controller.ts:137:36
    at D:\Nayon xD\Dashboard\Dashboard Design\law_firm_portfolio_server\backend_server\src\shared\utils\catchAsync.ts:5:21
    at Layer.handleRequest (D:\Nayon xD\Dashboard\Dashboard Design\law_firm_portfolio_server\backend_server\node_modules\router\lib\layer.js:152:17)
    at next (D:\Nayon xD\Dashboard\Dashboard Design\law_firm_portfolio_server\backend_server\node_modules\router\lib\route.js:157:13)
    at Route.dispatch (D:\Nayon xD\Dashboard\Dashboard Design\law_firm_portfolio_server\backend_server\node_modules\router\lib\route.js:117:3)
    at handle (D:\Nayon xD\Dashboard\Dashboard Design\law_firm_portfolio_server\backend_server\node_modules\router\index.js:435:11)
    at Layer.handleRequest (D:\Nayon xD\Dashboard\Dashboard Design\law_firm_portfolio_server\backend_server\node_modules\router\lib\layer.js:152:17)
    at D:\Nayon xD\Dashboard\Dashboard Design\law_firm_portfolio_server\backend_server\node_modules\router\index.js:295:15
    at processParams (D:\Nayon xD\Dashboard\Dashboard Design\law_firm_portfolio_server\backend_server\node_modules\router\index.js:582:12) {"statusCode":400}
15/11/2025 08:17:27 [nrb-nayon] ERROR: 127.0.0.1 - POST /api/v1/auth/refresh-token 400 - 2.210 ms
15/11/2025 08:39:57 [nrb-nayon] ERROR: 127.0.0.1 - GET /favicon.ico 404 - 1.096 ms
