15/11/2025 05:38:30 [nrb-nayon] ERROR: 🚨 globalErrorHandler ~~  Cast to ObjectId failed for value "{
  id: '69159cf8a4e8435bca08db95',
  role: 'admin',
  email: 'victor.descubrelocolorado@gmail.com',
  iat: 1763185092,
  exp: 1765777092
}" (type Object) at path "_id" for model "User"
CastError: Cast to ObjectId failed for value "{
  id: '69159cf8a4e8435bca08db95',
  role: 'admin',
  email: 'victor.descubrelocolorado@gmail.com',
  iat: 1763185092,
  exp: 1765777092
}" (type Object) at path "_id" for model "User"
    at SchemaObjectId.cast (D:\Nayon xD\Dashboard\Dashboard Design\law_firm_portfolio_server\backend_server\node_modules\mongoose\lib\schema\objectId.js:251:11)
    at SchemaObjectId.SchemaType.applySetters (D:\Nayon xD\Dashboard\Dashboard Design\law_firm_portfolio_server\backend_server\node_modules\mongoose\lib\schemaType.js:1262:12)
    at SchemaObjectId.SchemaType.castForQuery (D:\Nayon xD\Dashboard\Dashboard Design\law_firm_portfolio_server\backend_server\node_modules\mongoose\lib\schemaType.js:1698:17)
    at cast (D:\Nayon xD\Dashboard\Dashboard Design\law_firm_portfolio_server\backend_server\node_modules\mongoose\lib\cast.js:319:34)
    at model.Query.Query.cast (D:\Nayon xD\Dashboard\Dashboard Design\law_firm_portfolio_server\backend_server\node_modules\mongoose\lib\query.js:5060:12)
    at model.Query.Query._castConditions (D:\Nayon xD\Dashboard\Dashboard Design\law_firm_portfolio_server\backend_server\node_modules\mongoose\lib\query.js:2374:10)
    at model.Query._findOne (D:\Nayon xD\Dashboard\Dashboard Design\law_firm_portfolio_server\backend_server\node_modules\mongoose\lib\query.js:2697:8)
    at model.Query.exec (D:\Nayon xD\Dashboard\Dashboard Design\law_firm_portfolio_server\backend_server\node_modules\mongoose\lib\query.js:4627:80)
    at processTicksAndRejections (node:internal/process/task_queues:105:5)
    at Object.getUserProfileFromDB (D:\Nayon xD\Dashboard\Dashboard Design\law_firm_portfolio_server\backend_server\src\features\user\user.service.ts:114:16) {"stringValue":"\"{\n  id: '69159cf8a4e8435bca08db95',\n  role: 'admin',\n  email: 'victor.descubrelocolorado@gmail.com',\n  iat: 1763185092,\n  exp: 1765777092\n}\"","kind":"ObjectId","value":{"id":"69159cf8a4e8435bca08db95","role":"admin","email":"victor.descubrelocolorado@gmail.com","iat":1763185092,"exp":1765777092},"path":"_id","reason":{},"valueType":"Object"}
15/11/2025 05:38:30 [nrb-nayon] ERROR: 127.0.0.1 - GET /api/v1/user/me 400 - 27.366 ms
15/11/2025 05:38:34 [nrb-nayon] ERROR: 🚨 globalErrorHandler ~~  Cast to ObjectId failed for value "{
  id: '69159cf8a4e8435bca08db95',
  role: 'admin',
  email: 'victor.descubrelocolorado@gmail.com',
  iat: 1763185092,
  exp: 1765777092
}" (type Object) at path "_id" for model "User"
CastError: Cast to ObjectId failed for value "{
  id: '69159cf8a4e8435bca08db95',
  role: 'admin',
  email: 'victor.descubrelocolorado@gmail.com',
  iat: 1763185092,
  exp: 1765777092
}" (type Object) at path "_id" for model "User"
    at SchemaObjectId.cast (D:\Nayon xD\Dashboard\Dashboard Design\law_firm_portfolio_server\backend_server\node_modules\mongoose\lib\schema\objectId.js:251:11)
    at SchemaObjectId.SchemaType.applySetters (D:\Nayon xD\Dashboard\Dashboard Design\law_firm_portfolio_server\backend_server\node_modules\mongoose\lib\schemaType.js:1262:12)
    at SchemaObjectId.SchemaType.castForQuery (D:\Nayon xD\Dashboard\Dashboard Design\law_firm_portfolio_server\backend_server\node_modules\mongoose\lib\schemaType.js:1698:17)
    at cast (D:\Nayon xD\Dashboard\Dashboard Design\law_firm_portfolio_server\backend_server\node_modules\mongoose\lib\cast.js:319:34)
    at model.Query.Query.cast (D:\Nayon xD\Dashboard\Dashboard Design\law_firm_portfolio_server\backend_server\node_modules\mongoose\lib\query.js:5060:12)
    at model.Query.Query._castConditions (D:\Nayon xD\Dashboard\Dashboard Design\law_firm_portfolio_server\backend_server\node_modules\mongoose\lib\query.js:2374:10)
    at model.Query._findOne (D:\Nayon xD\Dashboard\Dashboard Design\law_firm_portfolio_server\backend_server\node_modules\mongoose\lib\query.js:2697:8)
    at model.Query.exec (D:\Nayon xD\Dashboard\Dashboard Design\law_firm_portfolio_server\backend_server\node_modules\mongoose\lib\query.js:4627:80)
    at processTicksAndRejections (node:internal/process/task_queues:105:5)
    at Object.getUserProfileFromDB (D:\Nayon xD\Dashboard\Dashboard Design\law_firm_portfolio_server\backend_server\src\features\user\user.service.ts:114:16) {"stringValue":"\"{\n  id: '69159cf8a4e8435bca08db95',\n  role: 'admin',\n  email: 'victor.descubrelocolorado@gmail.com',\n  iat: 1763185092,\n  exp: 1765777092\n}\"","kind":"ObjectId","value":{"id":"69159cf8a4e8435bca08db95","role":"admin","email":"victor.descubrelocolorado@gmail.com","iat":1763185092,"exp":1765777092},"path":"_id","reason":{},"valueType":"Object"}
15/11/2025 05:38:34 [nrb-nayon] ERROR: 127.0.0.1 - GET /api/v1/user/me 400 - 8.456 ms
15/11/2025 05:44:40 [nrb-nayon] ERROR: uncaughtException: Identifier 'user' has already been declared
D:\Nayon xD\Dashboard\Dashboard Design\law_firm_portfolio_server\backend_server\src\features\user\user.controller.ts:24
    const user = req.user;
          ^

SyntaxError: Identifier 'user' has already been declared
    at wrapSafe (node:internal/modules/cjs/loader:1662:18)
    at Module.<anonymous> (node:internal/modules/cjs/loader:1704:20)
    at Module._compile (D:\Nayon xD\Dashboard\Dashboard Design\law_firm_portfolio_server\backend_server\node_modules\source-map-support\source-map-support.js:568:25)
    at Module.m._compile (C:\Users\nrbna\AppData\Local\Temp\ts-node-dev-hook-7360141189123004.js:69:33)
    at node:internal/modules/cjs/loader:1895:10
    at require.extensions..jsx.require.extensions..js (C:\Users\nrbna\AppData\Local\Temp\ts-node-dev-hook-7360141189123004.js:114:20)
    at require.extensions.<computed> (C:\Users\nrbna\AppData\Local\Temp\ts-node-dev-hook-7360141189123004.js:71:20)
    at Object.nodeDevHook [as .ts] (D:\Nayon xD\Dashboard\Dashboard Design\law_firm_portfolio_server\backend_server\node_modules\ts-node-dev\lib\hook.js:63:13)
    at Module.load (node:internal/modules/cjs/loader:1465:32)
    at Function._load (node:internal/modules/cjs/loader:1282:12)
D:\Nayon xD\Dashboard\Dashboard Design\law_firm_portfolio_server\backend_server\src\features\user\user.controller.ts:24
    const user = req.user;
          ^

SyntaxError: Identifier 'user' has already been declared
    at wrapSafe (node:internal/modules/cjs/loader:1662:18)
    at Module.<anonymous> (node:internal/modules/cjs/loader:1704:20)
    at Module._compile (D:\Nayon xD\Dashboard\Dashboard Design\law_firm_portfolio_server\backend_server\node_modules\source-map-support\source-map-support.js:568:25)
    at Module.m._compile (C:\Users\nrbna\AppData\Local\Temp\ts-node-dev-hook-7360141189123004.js:69:33)
    at node:internal/modules/cjs/loader:1895:10
    at require.extensions..jsx.require.extensions..js (C:\Users\nrbna\AppData\Local\Temp\ts-node-dev-hook-7360141189123004.js:114:20)
    at require.extensions.<computed> (C:\Users\nrbna\AppData\Local\Temp\ts-node-dev-hook-7360141189123004.js:71:20)
    at Object.nodeDevHook [as .ts] (D:\Nayon xD\Dashboard\Dashboard Design\law_firm_portfolio_server\backend_server\node_modules\ts-node-dev\lib\hook.js:63:13)
    at Module.load (node:internal/modules/cjs/loader:1465:32)
    at Function._load (node:internal/modules/cjs/loader:1282:12) {"error":{},"exception":true,"date":"Sat Nov 15 2025 11:44:40 GMT+0600 (Bangladesh Standard Time)","process":{"pid":40872,"uid":null,"gid":null,"cwd":"D:\\Nayon xD\\Dashboard\\Dashboard Design\\law_firm_portfolio_server\\backend_server","execPath":"C:\\Program Files\\nodejs\\node.exe","version":"v22.17.1","argv":["C:\\Program Files\\nodejs\\node.exe","src/server.ts"],"memoryUsage":{"rss":84135936,"heapTotal":39718912,"heapUsed":26549448,"external":20765128,"arrayBuffers":18406135}},"os":{"loadavg":[0,0,0],"uptime":213131.156},"trace":[{"column":18,"file":"node:internal/modules/cjs/loader","function":"wrapSafe","line":1662,"method":null,"native":false},{"column":20,"file":"node:internal/modules/cjs/loader","function":null,"line":1704,"method":null,"native":false},{"column":25,"file":"D:\\Nayon xD\\Dashboard\\Dashboard Design\\law_firm_portfolio_server\\backend_server\\node_modules\\source-map-support\\source-map-support.js","function":"Module._compile","line":568,"method":"_compile","native":false},{"column":33,"file":"C:\\Users\\nrbna\\AppData\\Local\\Temp\\ts-node-dev-hook-7360141189123004.js","function":"Module.m._compile","line":69,"method":"_compile","native":false},{"column":10,"file":"node:internal/modules/cjs/loader","function":null,"line":1895,"method":null,"native":false},{"column":20,"file":"C:\\Users\\nrbna\\AppData\\Local\\Temp\\ts-node-dev-hook-7360141189123004.js","function":"require.extensions..jsx.require.extensions..js","line":114,"method":".js","native":false},{"column":20,"file":"C:\\Users\\nrbna\\AppData\\Local\\Temp\\ts-node-dev-hook-7360141189123004.js","function":"require.extensions.<computed>","line":71,"method":"<computed>","native":false},{"column":13,"file":"D:\\Nayon xD\\Dashboard\\Dashboard Design\\law_firm_portfolio_server\\backend_server\\node_modules\\ts-node-dev\\lib\\hook.js","function":"Object.nodeDevHook [as .ts]","line":63,"method":"ts]","native":false},{"column":32,"file":"node:internal/modules/cjs/loader","function":"Module.load","line":1465,"method":"load","native":false},{"column":12,"file":"node:internal/modules/cjs/loader","function":"Function._load","line":1282,"method":"_load","native":false}]}
15/11/2025 05:44:40 [nrb-nayon] ERROR: Uncaught Exception: Identifier 'user' has already been declared
D:\Nayon xD\Dashboard\Dashboard Design\law_firm_portfolio_server\backend_server\src\features\user\user.controller.ts:24
    const user = req.user;
          ^

SyntaxError: Identifier 'user' has already been declared
    at wrapSafe (node:internal/modules/cjs/loader:1662:18)
    at Module.<anonymous> (node:internal/modules/cjs/loader:1704:20)
    at Module._compile (D:\Nayon xD\Dashboard\Dashboard Design\law_firm_portfolio_server\backend_server\node_modules\source-map-support\source-map-support.js:568:25)
    at Module.m._compile (C:\Users\nrbna\AppData\Local\Temp\ts-node-dev-hook-7360141189123004.js:69:33)
    at node:internal/modules/cjs/loader:1895:10
    at require.extensions..jsx.require.extensions..js (C:\Users\nrbna\AppData\Local\Temp\ts-node-dev-hook-7360141189123004.js:114:20)
    at require.extensions.<computed> (C:\Users\nrbna\AppData\Local\Temp\ts-node-dev-hook-7360141189123004.js:71:20)
    at Object.nodeDevHook [as .ts] (D:\Nayon xD\Dashboard\Dashboard Design\law_firm_portfolio_server\backend_server\node_modules\ts-node-dev\lib\hook.js:63:13)
    at Module.load (node:internal/modules/cjs/loader:1465:32)
    at Function._load (node:internal/modules/cjs/loader:1282:12)
15/11/2025 05:45:46 [nrb-nayon] ERROR: 🚨 globalErrorHandler ~~  Cast to ObjectId failed for value "{
  id: '69159cf8a4e8435bca08db95',
  role: 'admin',
  email: 'victor.descubrelocolorado@gmail.com',
  iat: 1763185092,
  exp: 1765777092
}" (type Object) at path "_id" for model "User"
CastError: Cast to ObjectId failed for value "{
  id: '69159cf8a4e8435bca08db95',
  role: 'admin',
  email: 'victor.descubrelocolorado@gmail.com',
  iat: 1763185092,
  exp: 1765777092
}" (type Object) at path "_id" for model "User"
    at SchemaObjectId.cast (D:\Nayon xD\Dashboard\Dashboard Design\law_firm_portfolio_server\backend_server\node_modules\mongoose\lib\schema\objectId.js:251:11)
    at SchemaObjectId.SchemaType.applySetters (D:\Nayon xD\Dashboard\Dashboard Design\law_firm_portfolio_server\backend_server\node_modules\mongoose\lib\schemaType.js:1262:12)
    at SchemaObjectId.SchemaType.castForQuery (D:\Nayon xD\Dashboard\Dashboard Design\law_firm_portfolio_server\backend_server\node_modules\mongoose\lib\schemaType.js:1698:17)
    at cast (D:\Nayon xD\Dashboard\Dashboard Design\law_firm_portfolio_server\backend_server\node_modules\mongoose\lib\cast.js:319:34)
    at model.Query.Query.cast (D:\Nayon xD\Dashboard\Dashboard Design\law_firm_portfolio_server\backend_server\node_modules\mongoose\lib\query.js:5060:12)
    at model.Query.Query._castConditions (D:\Nayon xD\Dashboard\Dashboard Design\law_firm_portfolio_server\backend_server\node_modules\mongoose\lib\query.js:2374:10)
    at model.Query._findOne (D:\Nayon xD\Dashboard\Dashboard Design\law_firm_portfolio_server\backend_server\node_modules\mongoose\lib\query.js:2697:8)
    at model.Query.exec (D:\Nayon xD\Dashboard\Dashboard Design\law_firm_portfolio_server\backend_server\node_modules\mongoose\lib\query.js:4627:80)
    at processTicksAndRejections (node:internal/process/task_queues:105:5)
    at Object.getUserProfileFromDB (D:\Nayon xD\Dashboard\Dashboard Design\law_firm_portfolio_server\backend_server\src\features\user\user.service.ts:114:16) {"stringValue":"\"{\n  id: '69159cf8a4e8435bca08db95',\n  role: 'admin',\n  email: 'victor.descubrelocolorado@gmail.com',\n  iat: 1763185092,\n  exp: 1765777092\n}\"","kind":"ObjectId","value":{"id":"69159cf8a4e8435bca08db95","role":"admin","email":"victor.descubrelocolorado@gmail.com","iat":1763185092,"exp":1765777092},"path":"_id","reason":{},"valueType":"Object"}
15/11/2025 05:45:46 [nrb-nayon] ERROR: 127.0.0.1 - GET /api/v1/user/me 400 - 14.921 ms
